SF:lib/utils/input_validator.dart
DA:7,0
DA:20,0
DA:21,0
DA:26,0
DA:29,0
DA:30,0
DA:34,0
DA:37,0
DA:39,0
DA:47,0
DA:48,0
DA:50,0
DA:53,0
DA:57,0
DA:61,0
DA:62,0
DA:64,0
DA:67,0
DA:70,0
DA:72,0
DA:77,0
DA:78,0
DA:82,0
DA:85,0
DA:86,0
DA:90,0
DA:91,0
DA:99,0
DA:100,0
DA:105,0
DA:106,0
DA:111,0
DA:112,0
DA:117,0
DA:119,0
DA:127,1
DA:128,2
DA:132,1
DA:135,2
DA:136,1
DA:140,2
DA:143,1
DA:144,1
DA:148,1
DA:156,0
DA:157,0
DA:159,0
DA:162,0
DA:165,0
DA:170,0
DA:177,0
DA:184,1
DA:185,1
DA:187,1
DA:192,1
DA:196,1
DA:197,1
DA:200,1
DA:204,1
DA:206,1
DA:210,1
DA:211,2
DA:215,1
DA:218,2
DA:219,0
DA:224,2
DA:227,2
DA:229,1
DA:238,0
DA:239,0
DA:243,0
DA:247,0
DA:252,0
DA:257,0
DA:265,0
DA:269,0
DA:273,0
LF:77
LH:25
end_of_record
SF:lib/services/app_logger_service.dart
DA:13,1
DA:22,0
DA:23,0
DA:24,0
DA:25,0
DA:26,0
DA:27,0
DA:28,0
DA:29,0
DA:39,2
DA:40,2
DA:41,1
DA:42,2
DA:43,1
DA:44,1
DA:45,1
DA:48,1
DA:50,1
DA:51,4
DA:52,3
DA:53,3
DA:54,1
DA:56,1
DA:63,2
DA:64,1
DA:65,3
DA:82,0
DA:83,0
DA:86,0
DA:87,0
DA:89,0
DA:90,0
DA:94,0
DA:95,0
DA:97,0
DA:98,0
DA:100,0
DA:105,1
DA:106,1
DA:110,1
DA:111,1
DA:115,0
DA:116,0
DA:120,0
DA:121,0
DA:125,1
DA:130,1
DA:134,1
DA:139,1
DA:143,1
DA:148,1
DA:152,1
DA:159,2
DA:161,0
DA:164,1
DA:174,1
DA:181,1
DA:183,0
DA:186,1
DA:196,1
DA:203,1
DA:206,4
DA:208,1
DA:211,1
DA:218,2
DA:219,3
DA:220,0
DA:224,1
DA:225,0
DA:226,3
DA:228,0
DA:234,2
DA:235,0
DA:240,0
DA:241,0
DA:244,0
DA:245,0
DA:249,0
DA:254,3
DA:257,1
DA:258,6
DA:262,1
DA:263,6
DA:267,1
DA:268,1
DA:269,1
DA:270,5
DA:272,1
DA:276,1
DA:277,1
DA:278,1
DA:279,5
DA:281,1
DA:285,1
DA:286,6
DA:290,1
DA:291,2
DA:292,2
DA:296,0
DA:297,0
DA:298,0
DA:299,0
DA:300,0
DA:305,1
DA:306,6
DA:310,0
DA:312,0
DA:313,0
DA:314,0
DA:317,0
DA:318,0
DA:321,0
DA:327,1
DA:328,1
DA:329,2
DA:330,8
DA:333,1
DA:335,6
DA:336,2
DA:337,1
DA:338,6
DA:341,1
DA:342,2
DA:347,2
DA:348,5
DA:349,5
DA:356,0
DA:357,0
DA:358,0
DA:359,0
DA:360,0
DA:361,0
DA:362,0
DA:365,0
DA:366,0
DA:367,0
DA:368,0
DA:369,0
DA:373,0
DA:374,0
DA:376,0
DA:380,1
DA:381,3
DA:382,5
DA:386,1
DA:387,1
DA:388,1
DA:389,5
DA:390,1
DA:394,0
DA:397,0
DA:398,0
DA:401,0
DA:402,0
DA:404,0
DA:405,0
DA:407,0
DA:408,0
DA:413,0
DA:415,0
DA:416,0
DA:418,0
DA:420,0
DA:421,0
DA:423,0
DA:424,0
DA:425,0
DA:426,0
DA:427,0
DA:428,0
DA:433,0
DA:439,0
LF:172
LH:88
end_of_record
SF:lib/services/biometric_auth_service.dart
DA:10,2
DA:11,1
DA:12,2
DA:13,1
DA:19,1
DA:21,2
DA:23,3
DA:29,1
DA:31,2
DA:33,3
DA:40,1
DA:42,2
DA:44,3
DA:45,1
DA:51,0
DA:59,0
DA:61,0
DA:66,0
DA:68,0
DA:74,0
DA:75,0
DA:78,0
DA:79,0
DA:80,0
DA:81,0
DA:82,0
DA:83,0
DA:84,0
DA:89,0
DA:95,0
DA:97,0
DA:99,0
DA:104,1
DA:106,1
DA:107,0
DA:109,3
DA:115,0
DA:118,0
DA:127,0
DA:128,0
DA:130,0
DA:136,1
DA:138,1
DA:139,0
DA:141,3
DA:147,1
DA:149,1
DA:151,1
DA:153,1
DA:155,1
DA:157,1
DA:163,1
DA:164,1
DA:169,0
DA:174,0
DA:175,0
DA:179,0
DA:180,0
LF:58
LH:28
end_of_record
SF:lib/services/website_scraper_service.dart
DA:13,2
DA:14,1
DA:15,2
DA:16,1
DA:28,3
DA:31,1
DA:32,1
DA:33,1
DA:34,2
DA:38,1
DA:39,2
DA:40,1
DA:44,1
DA:46,2
DA:51,1
DA:52,1
DA:53,1
DA:59,1
DA:68,1
DA:70,0
DA:71,0
DA:72,0
DA:76,2
DA:77,2
DA:78,2
DA:80,1
DA:84,0
DA:87,0
DA:88,0
DA:89,0
DA:93,0
DA:96,0
DA:97,0
DA:100,0
DA:102,0
DA:105,3
DA:109,2
DA:110,1
DA:112,3
DA:116,1
DA:117,1
DA:119,2
DA:122,0
DA:126,1
DA:127,2
DA:134,1
DA:136,2
DA:138,1
DA:139,1
DA:140,1
DA:143,1
DA:145,2
DA:146,3
DA:150,0
DA:153,0
DA:154,0
DA:157,0
DA:158,0
DA:160,0
DA:164,0
DA:167,0
DA:170,3
DA:176,0
DA:177,0
DA:180,0
DA:184,0
DA:186,0
DA:188,0
DA:189,0
DA:191,0
DA:192,0
DA:198,0
DA:199,0
DA:201,0
DA:204,0
DA:207,0
DA:208,0
DA:212,0
DA:214,0
DA:215,0
DA:219,0
DA:226,0
DA:231,0
DA:233,0
DA:240,0
DA:241,0
DA:244,0
DA:248,0
DA:249,0
DA:251,0
DA:252,0
DA:255,0
DA:256,0
DA:257,0
DA:263,0
DA:264,0
DA:267,0
DA:270,0
DA:273,0
DA:274,0
DA:278,0
DA:280,0
DA:281,0
DA:285,0
DA:291,0
DA:298,0
DA:300,0
DA:307,0
DA:310,0
DA:311,0
DA:312,0
DA:313,0
DA:315,0
DA:319,0
DA:322,0
DA:327,0
DA:328,0
DA:332,0
DA:335,0
DA:337,0
DA:342,0
DA:345,0
DA:346,0
DA:347,0
DA:348,0
DA:350,0
DA:354,0
DA:361,0
DA:363,0
DA:364,0
DA:365,0
DA:367,0
DA:372,1
DA:374,1
DA:375,1
DA:377,1
DA:379,0
DA:380,0
DA:382,0
DA:383,0
DA:388,0
DA:390,0
DA:394,0
DA:395,0
DA:398,0
DA:400,0
DA:403,0
DA:408,0
DA:420,0
DA:422,0
DA:424,0
DA:426,0
DA:427,0
DA:428,0
DA:432,0
DA:435,0
DA:440,0
DA:442,0
DA:447,0
DA:449,0
DA:450,0
DA:454,0
DA:461,0
DA:465,0
DA:466,0
DA:467,0
DA:470,0
DA:471,0
DA:472,0
DA:473,0
DA:474,0
DA:475,0
DA:477,0
DA:480,0
DA:483,0
DA:485,0
DA:487,0
DA:491,0
DA:493,0
DA:501,0
DA:510,0
DA:511,0
DA:512,0
DA:513,0
DA:514,0
DA:515,0
DA:516,0
DA:525,0
DA:526,0
DA:527,0
DA:528,0
DA:529,0
DA:530,0
DA:531,0
LF:194
LH:45
end_of_record
SF:lib/models/notification_model.dart
DA:3,0
DA:14,0
DA:15,0
DA:16,0
DA:17,0
DA:18,0
DA:19,0
DA:20,0
DA:21,0
DA:22,0
DA:23,0
DA:25,0
DA:37,0
DA:38,0
DA:39,0
DA:40,0
DA:41,0
DA:42,0
DA:43,0
DA:44,0
DA:45,0
LF:21
LH:0
end_of_record
SF:lib/services/enhanced_secure_storage_service.dart
DA:22,2
DA:23,1
DA:24,2
DA:25,1
DA:52,1
DA:54,2
DA:55,3
DA:58,0
DA:64,1
DA:66,2
DA:67,2
DA:68,1
DA:72,0
DA:78,1
DA:80,2
DA:81,3
DA:84,0
DA:90,1
DA:92,2
DA:94,0
DA:100,0
DA:102,0
DA:104,0
DA:105,0
DA:110,0
DA:112,0
DA:113,0
DA:116,0
DA:124,1
DA:125,1
DA:129,1
DA:130,1
DA:134,1
DA:135,1
DA:141,1
DA:142,1
DA:146,1
DA:147,1
DA:151,1
DA:152,1
DA:158,1
DA:160,1
DA:161,1
DA:163,0
DA:169,1
DA:171,1
DA:173,1
DA:175,0
DA:181,1
DA:182,1
DA:188,0
DA:189,0
DA:193,0
DA:194,0
DA:198,0
DA:199,0
DA:203,1
DA:204,1
DA:208,1
DA:209,1
DA:213,1
DA:214,1
DA:220,0
DA:221,0
DA:225,0
DA:227,0
DA:229,0
DA:231,0
DA:237,1
DA:238,1
DA:244,1
DA:246,1
DA:247,1
DA:249,0
DA:255,1
DA:257,1
DA:259,1
DA:261,0
DA:267,1
DA:268,1
DA:274,1
DA:276,1
DA:277,1
DA:278,1
DA:279,1
DA:280,2
DA:283,0
DA:289,1
DA:298,1
DA:302,1
DA:306,1
DA:309,2
DA:310,1
DA:314,0
DA:320,1
DA:321,1
DA:322,1
DA:323,1
DA:324,1
DA:325,1
DA:326,1
DA:327,1
DA:328,1
LF:103
LH:73
end_of_record
SF:lib/models/notice_model.dart
DA:7,1
DA:22,0
DA:23,0
DA:24,0
DA:25,0
DA:26,0
DA:27,0
DA:29,0
DA:30,0
DA:31,0
DA:32,0
DA:34,0
DA:35,0
DA:37,0
DA:38,0
DA:40,0
DA:41,0
DA:42,0
DA:58,1
DA:59,1
DA:60,1
DA:61,1
DA:62,2
DA:63,1
DA:64,1
DA:65,2
DA:66,2
DA:67,1
DA:68,1
DA:69,2
DA:70,1
DA:74,0
DA:75,0
DA:76,0
DA:78,0
DA:86,0
DA:87,0
DA:88,0
DA:96,0
DA:97,0
DA:98,0
LF:41
LH:14
end_of_record
SF:lib/models/user_model.dart
DA:5,1
DA:23,1
DA:24,1
DA:25,1
DA:26,1
DA:27,1
DA:28,2
DA:29,2
DA:30,1
DA:31,1
DA:32,1
DA:33,1
DA:34,2
DA:36,1
DA:37,0
DA:39,1
DA:40,1
DA:41,1
DA:42,1
DA:43,1
DA:63,1
DA:64,1
DA:65,1
DA:66,1
DA:67,1
DA:68,1
DA:69,2
DA:70,1
DA:71,1
DA:72,1
DA:73,2
DA:74,1
DA:75,1
DA:76,1
DA:77,1
DA:78,1
DA:79,1
DA:83,1
DA:84,1
DA:85,1
DA:87,1
DA:95,0
DA:112,0
DA:113,0
DA:114,0
DA:115,0
DA:116,0
DA:117,0
DA:118,0
DA:119,0
DA:120,0
DA:121,0
DA:122,0
DA:123,0
DA:124,0
DA:125,0
DA:126,0
DA:127,0
LF:58
LH:40
end_of_record
SF:lib/models/message_model.dart
DA:7,1
DA:25,0
DA:26,0
DA:27,0
DA:28,0
DA:29,0
DA:30,0
DA:31,0
DA:32,0
DA:33,0
DA:35,0
DA:36,0
DA:37,0
DA:38,0
DA:39,0
DA:40,0
DA:41,0
DA:42,0
DA:43,0
DA:62,1
DA:63,1
DA:64,1
DA:65,1
DA:66,1
DA:67,2
DA:68,2
DA:69,1
DA:70,1
DA:71,1
DA:72,1
DA:73,1
DA:74,1
DA:75,1
DA:79,0
DA:80,0
DA:81,0
DA:83,0
DA:85,0
DA:87,0
DA:89,0
DA:97,0
DA:98,0
DA:99,0
DA:101,0
DA:102,0
DA:104,0
DA:106,0
DA:113,0
DA:130,0
DA:131,0
DA:132,0
DA:133,0
DA:134,0
DA:135,0
DA:136,0
DA:137,0
DA:138,0
DA:139,0
DA:140,0
DA:141,0
DA:142,0
DA:143,0
DA:144,0
DA:145,0
DA:150,0
DA:153,0
DA:154,0
DA:155,0
DA:156,0
DA:160,0
DA:161,0
DA:162,0
DA:163,0
DA:164,0
DA:165,0
DA:166,0
DA:168,0
LF:77
LH:15
end_of_record
